22:48:45 **** Incremental Build of configuration Debug for project RAD_Embedded_Task ****
make -j12 all 
arm-none-eabi-gcc "../Core/Src/OneWire.c" -mcpu=cortex-m4 -std=gnu11 -g3 -DDEBUG -DUSE_HAL_DRIVER -DSTM32F429xx -c -I../Core/Inc -I../Drivers/STM32F4xx_HAL_Driver/Inc -I../Drivers/STM32F4xx_HAL_Driver/Inc/Legacy -I../Drivers/CMSIS/Device/ST/STM32F4xx/Include -I../Drivers/CMSIS/Include -I../Middlewares/Third_Party/FreeRTOS/Source/include -I../Middlewares/Third_Party/FreeRTOS/Source/CMSIS_RTOS -I../Middlewares/Third_Party/FreeRTOS/Source/portable/GCC/ARM_CM4F -I../FATFS/Target -I../FATFS/App -I../Middlewares/Third_Party/FatFs/src -O0 -ffunction-sections -fdata-sections -Wall -fstack-usage -MMD -MP -MF"Core/Src/OneWire.d" -MT"Core/Src/OneWire.o" --specs=nano.specs -mfpu=fpv4-sp-d16 -mfloat-abi=hard -mthumb -o "Core/Src/OneWire.o"
arm-none-eabi-gcc "../Core/Src/main.c" -mcpu=cortex-m4 -std=gnu11 -g3 -DDEBUG -DUSE_HAL_DRIVER -DSTM32F429xx -c -I../Core/Inc -I../Drivers/STM32F4xx_HAL_Driver/Inc -I../Drivers/STM32F4xx_HAL_Driver/Inc/Legacy -I../Drivers/CMSIS/Device/ST/STM32F4xx/Include -I../Drivers/CMSIS/Include -I../Middlewares/Third_Party/FreeRTOS/Source/include -I../Middlewares/Third_Party/FreeRTOS/Source/CMSIS_RTOS -I../Middlewares/Third_Party/FreeRTOS/Source/portable/GCC/ARM_CM4F -I../FATFS/Target -I../FATFS/App -I../Middlewares/Third_Party/FatFs/src -O0 -ffunction-sections -fdata-sections -Wall -fstack-usage -MMD -MP -MF"Core/Src/main.d" -MT"Core/Src/main.o" --specs=nano.specs -mfpu=fpv4-sp-d16 -mfloat-abi=hard -mthumb -o "Core/Src/main.o"
arm-none-eabi-gcc "../Core/Inc/ds18b20.c" -mcpu=cortex-m4 -std=gnu11 -g3 -DDEBUG -DUSE_HAL_DRIVER -DSTM32F429xx -c -I../Core/Inc -I../Drivers/STM32F4xx_HAL_Driver/Inc -I../Drivers/STM32F4xx_HAL_Driver/Inc/Legacy -I../Drivers/CMSIS/Device/ST/STM32F4xx/Include -I../Drivers/CMSIS/Include -I../Middlewares/Third_Party/FreeRTOS/Source/include -I../Middlewares/Third_Party/FreeRTOS/Source/CMSIS_RTOS -I../Middlewares/Third_Party/FreeRTOS/Source/portable/GCC/ARM_CM4F -I../FATFS/Target -I../FATFS/App -I../Middlewares/Third_Party/FatFs/src -O0 -ffunction-sections -fdata-sections -Wall -fstack-usage -MMD -MP -MF"Core/Inc/ds18b20.d" -MT"Core/Inc/ds18b20.o" --specs=nano.specs -mfpu=fpv4-sp-d16 -mfloat-abi=hard -mthumb -o "Core/Inc/ds18b20.o"
../Core/Src/main.c: In function 'Start_RTC':
../Core/Src/main.c:812:4: warning: implicit declaration of function 'sprintf' [-Wimplicit-function-declaration]
  812 |    sprintf(time_buffer, "%02d:%02d:%02d",time.hour,time.minutes,time.seconds);
      |    ^~~~~~~
../Core/Src/main.c:812:4: warning: incompatible implicit declaration of built-in function 'sprintf'
../Core/Src/main.c:29:1: note: include '<stdio.h>' or provide a declaration of 'sprintf'
   28 | #include "ds18b20.h"
  +++ |+#include <stdio.h>
   29 | /* USER CODE END Includes */
../Core/Src/main.c:814:4: warning: implicit declaration of function 'send_uart_dma' [-Wimplicit-function-declaration]
  814 |    send_uart_dma(time_buffer, strlen((char*)time_buffer));
      |    ^~~~~~~~~~~~~
../Core/Src/main.c: At top level:
../Core/Src/main.c:826:6: warning: conflicting types for 'send_uart_dma'
  826 | void send_uart_dma(uint8_t* ptr, uint16_t len){
      |      ^~~~~~~~~~~~~
../Core/Src/main.c:814:4: note: previous implicit declaration of 'send_uart_dma' was here
  814 |    send_uart_dma(time_buffer, strlen((char*)time_buffer));
      |    ^~~~~~~~~~~~~
../Core/Src/main.c: In function 'Start_FanControl':
../Core/Src/main.c:976:3: warning: incompatible implicit declaration of built-in function 'sprintf'
  976 |   sprintf(fan_speed,"Fan Speed : %02d",sp);
      |   ^~~~~~~
../Core/Src/main.c:976:3: note: include '<stdio.h>' or provide a declaration of 'sprintf'
arm-none-eabi-gcc -o "RAD_Embedded_Task.elf" @"objects.list"   -mcpu=cortex-m4 -T"C:\Users\User\STM32CubeIDE\workspace_1.10.1\RAD_Embedded_Task\RAD_Embedded_Task\STM32F429ZITX_FLASH.ld" --specs=nosys.specs -Wl,-Map="RAD_Embedded_Task.map" -Wl,--gc-sections -static --specs=nano.specs -mfpu=fpv4-sp-d16 -mfloat-abi=hard -mthumb -Wl,--start-group -lc -lm -Wl,--end-group
Finished building target: RAD_Embedded_Task.elf
 
arm-none-eabi-size   RAD_Embedded_Task.elf 
arm-none-eabi-objdump -h -S  RAD_Embedded_Task.elf  > "RAD_Embedded_Task.list"
   text	   data	    bss	    dec	    hex	filename
  64260	    280	  30536	  95076	  17364	RAD_Embedded_Task.elf
Finished building: default.size.stdout
 
Finished building: RAD_Embedded_Task.list
 
22:48:55 **** Incremental Build of configuration Debug for project RAD_Embedded_Task ****
make -j12 all 
arm-none-eabi-size   RAD_Embedded_Task.elf 
   text	   data	    bss	    dec	    hex	filename
  64260	    280	  30536	  95076	  17364	RAD_Embedded_Task.elf
Finished building: default.size.stdout
 
